<?xml version="1.0" encoding="UTF-8" ?>
<testsuites disabled="0" errors="0" failures="1" tests="1" time="5.529">
 <testsuite name="Simple appstarter test" timestamp="2018-06-07T09:23:56" hostname="localhost" time="5.529" errors="0" tests="1" skipped="0" disabled="0" failures="1">
  <testcase classname="Simple appstarter test" name="should give a greating" time="5.527">
   <failure type="exception" message="Failed: Wait timed out after 5003ms"><![CDATA[TimeoutError: Wait timed out after 5003ms
  at /usr/lib/node_modules/protractor/node_modules/selenium-webdriver/lib/promise.js:2201:17
  at ManagedPromise.invokeCallback_ (/usr/lib/node_modules/protractor/node_modules/selenium-webdriver/lib/promise.js:1376:14)
  at TaskQueue.execute_ (/usr/lib/node_modules/protractor/node_modules/selenium-webdriver/lib/promise.js:3084:14)
  at TaskQueue.executeNext_ (/usr/lib/node_modules/protractor/node_modules/selenium-webdriver/lib/promise.js:3067:27)
  at asyncRun (/usr/lib/node_modules/protractor/node_modules/selenium-webdriver/lib/promise.js:2927:27)
  at /usr/lib/node_modules/protractor/node_modules/selenium-webdriver/lib/promise.js:668:7
  at <anonymous>:null:null
  at process._tickCallback (internal/process/next_tick.js:188:7)

From: Task: <anonymous wait>
  at scheduleWait (/usr/lib/node_modules/protractor/node_modules/selenium-webdriver/lib/promise.js:2188:20)
  at ControlFlow.wait (/usr/lib/node_modules/protractor/node_modules/selenium-webdriver/lib/promise.js:2517:12)
  at Driver.wait (/usr/lib/node_modules/protractor/node_modules/selenium-webdriver/lib/webdriver.js:934:29)
  at run (/usr/lib/node_modules/protractor/built/browser.js:59:33)
  at ProtractorBrowser.to.(anonymous function) [as wait] (/usr/lib/node_modules/protractor/built/browser.js:67:16)
  at ElementFinder.wait (/home/johan/Repo/HyperDev/appstarter/test/node_modules/testx/objects/default-behaviour.coffee:40:13)
  at /home/johan/Repo/HyperDev/appstarter/test/node_modules/testx/keywords/index.coffee:22:27
  at waitFor (/home/johan/Repo/HyperDev/appstarter/test/node_modules/testx/keywords/index.coffee:21:5)
  at Object.wait to appear (/home/johan/Repo/HyperDev/appstarter/test/node_modules/testx/keywords/index.coffee:109:31)
  at /home/johan/Repo/HyperDev/appstarter/test/node_modules/testx/lib/runner.coffee:16:9
  at TaskQueue.execute_ (/usr/lib/node_modules/protractor/node_modules/selenium-webdriver/lib/promise.js:3084:14)
  at TaskQueue.executeNext_ (/usr/lib/node_modules/protractor/node_modules/selenium-webdriver/lib/promise.js:3067:27)
  at asyncRun (/usr/lib/node_modules/protractor/node_modules/selenium-webdriver/lib/promise.js:2974:25)
  at /usr/lib/node_modules/protractor/node_modules/selenium-webdriver/lib/promise.js:668:7
  at <anonymous>:null:null
  at process._tickCallback (internal/process/next_tick.js:188:7)

From: Task: <anonymous>
  at /home/johan/Repo/HyperDev/appstarter/test/node_modules/testx/lib/runner.coffee:11:40
  at TaskQueue.execute_ (/usr/lib/node_modules/protractor/node_modules/selenium-webdriver/lib/promise.js:3084:14)
  at TaskQueue.executeNext_ (/usr/lib/node_modules/protractor/node_modules/selenium-webdriver/lib/promise.js:3067:27)
  at asyncRun (/usr/lib/node_modules/protractor/node_modules/selenium-webdriver/lib/promise.js:2927:27)
  at /usr/lib/node_modules/protractor/node_modules/selenium-webdriver/lib/promise.js:668:7
  at <anonymous>:null:null
  at process._tickCallback (internal/process/next_tick.js:188:7)

From: Task: <anonymous>
  at TestX.runScript (/home/johan/Repo/HyperDev/appstarter/test/node_modules/testx/lib/runner.coffee:24:10)
  at TestX.module.exports.TestX.run (/home/johan/Repo/HyperDev/appstarter/test/node_modules/testx/lib/testx.coffee:33:6)
  at UserContext.<anonymous> (/home/johan/Repo/HyperDev/appstarter/test/spec/my-first-spec.coffee:3:11)
  at /usr/lib/node_modules/protractor/node_modules/jasminewd2/index.js:112:25
  at new ManagedPromise (/usr/lib/node_modules/protractor/node_modules/selenium-webdriver/lib/promise.js:1077:7)
  at ControlFlow.promise (/usr/lib/node_modules/protractor/node_modules/selenium-webdriver/lib/promise.js:2505:12)
  at schedulerExecute (/usr/lib/node_modules/protractor/node_modules/jasminewd2/index.js:95:18)
  at TaskQueue.execute_ (/usr/lib/node_modules/protractor/node_modules/selenium-webdriver/lib/promise.js:3084:14)
  at TaskQueue.executeNext_ (/usr/lib/node_modules/protractor/node_modules/selenium-webdriver/lib/promise.js:3067:27)
  at asyncRun (/usr/lib/node_modules/protractor/node_modules/selenium-webdriver/lib/promise.js:2974:25)
  at /usr/lib/node_modules/protractor/node_modules/selenium-webdriver/lib/promise.js:668:7
  at <anonymous>:null:null
  at process._tickCallback (internal/process/next_tick.js:188:7)

From: Task: Run it("should give a greating") in control flow
  at UserContext.<anonymous> (/usr/lib/node_modules/protractor/node_modules/jasminewd2/index.js:94:19)
  at attempt (/usr/lib/node_modules/protractor/node_modules/jasmine-core/lib/jasmine-core/jasmine.js:4297:26)
  at QueueRunner.run (/usr/lib/node_modules/protractor/node_modules/jasmine-core/lib/jasmine-core/jasmine.js:4217:20)
  at runNext (/usr/lib/node_modules/protractor/node_modules/jasmine-core/lib/jasmine-core/jasmine.js:4257:20)
  at /usr/lib/node_modules/protractor/node_modules/jasmine-core/lib/jasmine-core/jasmine.js:4264:13
  at /usr/lib/node_modules/protractor/node_modules/jasmine-core/lib/jasmine-core/jasmine.js:4172:9
  at /usr/lib/node_modules/protractor/node_modules/jasminewd2/index.js:64:48
  at ControlFlow.emit (/usr/lib/node_modules/protractor/node_modules/selenium-webdriver/lib/events.js:62:21)
  at ControlFlow.shutdown_ (/usr/lib/node_modules/protractor/node_modules/selenium-webdriver/lib/promise.js:2674:10)
  at shutdownTask_.MicroTask (/usr/lib/node_modules/protractor/node_modules/selenium-webdriver/lib/promise.js:2599:53)
  at MicroTask.asyncRun (/usr/lib/node_modules/protractor/node_modules/selenium-webdriver/lib/promise.js:2728:9)
  at /usr/lib/node_modules/protractor/node_modules/selenium-webdriver/lib/promise.js:668:7
  at <anonymous>:null:null
  at process._tickCallback (internal/process/next_tick.js:188:7)

From asynchronous test: 
Error: 
  at Suite.<anonymous> (/home/johan/Repo/HyperDev/appstarter/test/spec/my-first-spec.coffee:2:3)
  at addSpecsToSuite (/usr/lib/node_modules/protractor/node_modules/jasmine-core/lib/jasmine-core/jasmine.js:1107:25)
  at Env.describe (/usr/lib/node_modules/protractor/node_modules/jasmine-core/lib/jasmine-core/jasmine.js:1074:7)
  at describe (/usr/lib/node_modules/protractor/node_modules/jasmine-core/lib/jasmine-core/jasmine.js:4399:18)
  at Object.<anonymous> (/home/johan/Repo/HyperDev/appstarter/test/spec/my-first-spec.coffee:1:1)
  at Object.<anonymous> (/home/johan/Repo/HyperDev/appstarter/test/spec/my-first-spec.coffee:1:1)
  at Module._compile (module.js:652:30)
  at Object.loadFile (/home/johan/Repo/HyperDev/appstarter/test/node_modules/coffee-errors/coffee-errors.js:152:17)
  at Module.load (/usr/lib/node_modules/coffee-script/lib/coffee-script/register.js:45:36)
  at tryModuleLoad (module.js:505:12)
  at Function.Module._load (module.js:497:3)
  at Module.require (module.js:596:17)
  at require (internal/module.js:11:18)
  at /usr/lib/node_modules/protractor/node_modules/jasmine/lib/jasmine.js:93:5
  at Array.forEach (<anonymous>:null:null)
  at Jasmine.loadSpecs (/usr/lib/node_modules/protractor/node_modules/jasmine/lib/jasmine.js:92:18)
  at Jasmine.execute (/usr/lib/node_modules/protractor/node_modules/jasmine/lib/jasmine.js:197:8)
  at /usr/lib/node_modules/protractor/built/frameworks/jasmine.js:132:15
  at Function.promise (/usr/lib/node_modules/protractor/node_modules/q/q.js:682:9)
  at /usr/lib/node_modules/protractor/built/frameworks/jasmine.js:104:14
  at _fulfilled (/usr/lib/node_modules/protractor/node_modules/q/q.js:834:54)
  at self.promiseDispatch.done (/usr/lib/node_modules/protractor/node_modules/q/q.js:863:30)
  at Promise.promise.promiseDispatch (/usr/lib/node_modules/protractor/node_modules/q/q.js:796:13)
  at /usr/lib/node_modules/protractor/node_modules/q/q.js:556:49
  at runSingle (/usr/lib/node_modules/protractor/node_modules/q/q.js:137:13)
  at flush (/usr/lib/node_modules/protractor/node_modules/q/q.js:125:13)
  at _combinedTickCallback (internal/process/next_tick.js:131:7)
  at process._tickCallback (internal/process/next_tick.js:180:9)]]>
   </failure>
  </testcase>
 </testsuite>
</testsuites>